🎥script
💭 💁🏾 `--help` prints usage information, as usual...

❯ enola --help
Usage: enola [-hVv] COMMAND
https://enola.dev
  -h, --help	  Show this help message and exit.
  -v, --verbose	  Specify multiple -v options to increase verbosity. For
		    example, `-v -v -v` or `-vvv`
		    Default: []
  -V, --version	  Print version information and exit.
Commands:
  help		       Display help information about the specified command.
  generate-completion  Generate bash/zsh completion script for enola.
  docgen	       Generate Markdown Documentation
  list-kinds	       List known Entity Kinds
  list		       List Entities
  get		       Get Entity

❯ echo "Each subscommand has its own --help..."
Each subscommand has its own --help...

❯ enola help list-kinds
Usage: enola list-kinds [-v] --model=<model>
List known Entity Kinds
      --model=<model>	URI to EntityKinds (e.g. file:model.yaml)
  -v, --verbose		Specify multiple -v options to increase verbosity. For
			  example, `-v -v -v` or `-vvv`

❯ enola help docgen
Usage: enola docgen [-v] [-d=<diagram>] --model=<model> [-o=<output>]
Generate Markdown Documentation
  -d, --diagram=<diagram>   Type of diagrams to generate
      --model=<model>	    URI to EntityKinds (e.g. file:model.yaml)
  -o, --output=<output>	    URI of where to write generated documentation
  -v, --verbose		    Specify multiple -v options to increase verbosity.
			      For example, `-v -v -v` or `-vvv`

❯ enola help get
Usage: enola get [-v] --model=<model> id
Get Entity
      id		ID of Entity
      --model=<model>	URI to EntityKinds (e.g. file:model.yaml)
  -v, --verbose		Specify multiple -v options to increase verbosity. For
			  example, `-v -v -v` or `-vvv`

❯ enola help list
Usage: enola list [-v] --model=<model> id
List Entities
      id		ID of Entity
      --model=<model>	URI to EntityKinds (e.g. file:model.yaml)
  -v, --verbose		Specify multiple -v options to increase verbosity. For
			  example, `-v -v -v` or `-vvv`

🎬
(Powered by https://github.com/zechris/asciinema-rec_script )
